This file contains any messages produced by compilers while
running configure, to aid debugging if configure makes a mistake.

It was created by KLEE configure 0.01, which was
generated by GNU Autoconf 2.66.  Invocation command line was

  $ ./configure LDFLAGS=-L/home/klee/libs/lib/ --with-llvm=/home/klee/llvm29-master/ --with-stp=/home/klee/stp-r940/install --with-llvm-build-mode=Release --with-uclibc=/home/klee/klee-uclibc --enable-posix-runtime

## --------- ##
## Platform. ##
## --------- ##

hostname = b183c6faa6d2
uname -m = x86_64
uname -r = 4.4.0-53-generic
uname -s = Linux
uname -v = #74~14.04.1-Ubuntu SMP Fri Dec 2 03:43:31 UTC 2016

/usr/bin/uname -p = unknown
/bin/uname -X     = unknown

/bin/arch              = unknown
/usr/bin/arch -k       = unknown
/usr/convex/getsysinfo = unknown
/usr/bin/hostinfo      = unknown
/bin/machine           = unknown
/usr/bin/oslevel       = unknown
/bin/universe          = unknown

PATH: /home/klee/zesti-2.9/Release+Asserts/bin
PATH: /home/klee/llvm-gcc4.2-2.9-x86_64-linux/bin
PATH: /home/klee/llvm29-master/Release/bin
PATH: /home/klee/llvm29-master/Release/bin
PATH: /usr/local/sbin
PATH: /usr/local/bin
PATH: /usr/sbin
PATH: /usr/bin
PATH: /sbin
PATH: /bin
PATH: /home/klee/klee_build/klee/bin


## ----------- ##
## Core tests. ##
## ----------- ##

configure:2314: checking build system type
configure:2328: result: x86_64-unknown-linux-gnu
configure:2348: checking host system type
configure:2361: result: x86_64-unknown-linux-gnu
configure:2381: checking target system type
configure:2394: result: x86_64-unknown-linux-gnu
configure:2421: checking type of operating system we're going to host on
configure:2433: result: 
configure:2444: checking llvm source dir
configure:2485: result: /home/klee/llvm29-master
configure:2488: checking llvm obj dir
configure:2490: result: /home/klee/llvm29-master
configure:2498: checking llvm package version
configure:2501: result: 2.9
configure:2506: checking llvm version major
configure:2509: result: 
configure:2512: checking llvm version minor
configure:2515: result: 
configure:2518: checking llvm is release version
configure:2526: result: 1
configure:2568: checking llvm build mode
configure:2587: result: Release
configure:2605: checking uclibc
configure:2614: result: /home/klee/klee-uclibc
configure:2645: checking POSIX runtime
configure:2664: result: yes
configure:2693: checking runtime configuration
configure:2703: result: Release+Asserts
configure:2800: checking for gcc
configure:2816: found /usr/bin/gcc
configure:2827: result: gcc
configure:3056: checking for C compiler version
configure:3065: gcc --version >&5
gcc (Ubuntu 4.8.4-2ubuntu1~14.04.3) 4.8.4
Copyright (C) 2013 Free Software Foundation, Inc.
This is free software; see the source for copying conditions.  There is NO
warranty; not even for MERCHANTABILITY or FITNESS FOR A PARTICULAR PURPOSE.

configure:3076: $? = 0
configure:3065: gcc -v >&5
Using built-in specs.
COLLECT_GCC=gcc
COLLECT_LTO_WRAPPER=/usr/lib/gcc/x86_64-linux-gnu/4.8/lto-wrapper
Target: x86_64-linux-gnu
Configured with: ../src/configure -v --with-pkgversion='Ubuntu 4.8.4-2ubuntu1~14.04.3' --with-bugurl=file:///usr/share/doc/gcc-4.8/README.Bugs --enable-languages=c,c++,java,go,d,fortran,objc,obj-c++ --prefix=/usr --program-suffix=-4.8 --enable-shared --enable-linker-build-id --libexecdir=/usr/lib --without-included-gettext --enable-threads=posix --with-gxx-include-dir=/usr/include/c++/4.8 --libdir=/usr/lib --enable-nls --with-sysroot=/ --enable-clocale=gnu --enable-libstdcxx-debug --enable-libstdcxx-time=yes --enable-gnu-unique-object --disable-libmudflap --enable-plugin --with-system-zlib --disable-browser-plugin --enable-java-awt=gtk --enable-gtk-cairo --with-java-home=/usr/lib/jvm/java-1.5.0-gcj-4.8-amd64/jre --enable-java-home --with-jvm-root-dir=/usr/lib/jvm/java-1.5.0-gcj-4.8-amd64 --with-jvm-jar-dir=/usr/lib/jvm-exports/java-1.5.0-gcj-4.8-amd64 --with-arch-directory=amd64 --with-ecj-jar=/usr/share/java/eclipse-ecj.jar --enable-objc-gc --enable-multiarch --disable-werror --with-arch-32=i686 --with-abi=m64 --with-multilib-list=m32,m64,mx32 --with-tune=generic --enable-checking=release --build=x86_64-linux-gnu --host=x86_64-linux-gnu --target=x86_64-linux-gnu
Thread model: posix
gcc version 4.8.4 (Ubuntu 4.8.4-2ubuntu1~14.04.3) 
configure:3076: $? = 0
configure:3065: gcc -V >&5
gcc: error: unrecognized command line option '-V'
gcc: fatal error: no input files
compilation terminated.
configure:3076: $? = 4
configure:3065: gcc -qversion >&5
gcc: error: unrecognized command line option '-qversion'
gcc: fatal error: no input files
compilation terminated.
configure:3076: $? = 4
configure:3096: checking whether the C compiler works
configure:3118: gcc   -L/home/klee/libs/lib/ conftest.c  >&5
configure:3122: $? = 0
configure:3170: result: yes
configure:3173: checking for C compiler default output file name
configure:3175: result: a.out
configure:3181: checking for suffix of executables
configure:3188: gcc -o conftest   -L/home/klee/libs/lib/ conftest.c  >&5
configure:3192: $? = 0
configure:3214: result: 
configure:3236: checking whether we are cross compiling
configure:3244: gcc -o conftest   -L/home/klee/libs/lib/ conftest.c  >&5
configure:3248: $? = 0
configure:3255: ./conftest
configure:3259: $? = 0
configure:3274: result: no
configure:3279: checking for suffix of object files
configure:3301: gcc -c   conftest.c >&5
configure:3305: $? = 0
configure:3326: result: o
configure:3330: checking whether we are using the GNU C compiler
configure:3349: gcc -c   conftest.c >&5
configure:3349: $? = 0
configure:3358: result: yes
configure:3367: checking whether gcc accepts -g
configure:3387: gcc -c -g  conftest.c >&5
configure:3387: $? = 0
configure:3428: result: yes
configure:3445: checking for gcc option to accept ISO C89
configure:3509: gcc  -c -g -O2  conftest.c >&5
configure:3509: $? = 0
configure:3522: result: none needed
configure:3548: checking how to run the C preprocessor
configure:3579: gcc -E  conftest.c
configure:3579: $? = 0
configure:3593: gcc -E  conftest.c
conftest.c:15:28: fatal error: ac_nonexistent.h: No such file or directory
 #include <ac_nonexistent.h>
                            ^
compilation terminated.
configure:3593: $? = 1
configure: failed program was:
| /* confdefs.h */
| #define PACKAGE_NAME "KLEE"
| #define PACKAGE_TARNAME "-klee-"
| #define PACKAGE_VERSION "0.01"
| #define PACKAGE_STRING "KLEE 0.01"
| #define PACKAGE_BUGREPORT "daniel@minormatter.com"
| #define PACKAGE_URL ""
| #define LLVM_VERSION_MAJOR 
| #define LLVM_VERSION_MINOR 
| #define LLVM_IS_RELEASE 1
| #define KLEE_UCLIBC "/home/klee/klee-uclibc"
| #define RUNTIME_CONFIGURATION "Release+Asserts"
| #define HAVE_CTYPE_EXTERNALS 1
| /* end confdefs.h.  */
| #include <ac_nonexistent.h>
configure:3618: result: gcc -E
configure:3638: gcc -E  conftest.c
configure:3638: $? = 0
configure:3652: gcc -E  conftest.c
conftest.c:15:28: fatal error: ac_nonexistent.h: No such file or directory
 #include <ac_nonexistent.h>
                            ^
compilation terminated.
configure:3652: $? = 1
configure: failed program was:
| /* confdefs.h */
| #define PACKAGE_NAME "KLEE"
| #define PACKAGE_TARNAME "-klee-"
| #define PACKAGE_VERSION "0.01"
| #define PACKAGE_STRING "KLEE 0.01"
| #define PACKAGE_BUGREPORT "daniel@minormatter.com"
| #define PACKAGE_URL ""
| #define LLVM_VERSION_MAJOR 
| #define LLVM_VERSION_MINOR 
| #define LLVM_IS_RELEASE 1
| #define KLEE_UCLIBC "/home/klee/klee-uclibc"
| #define RUNTIME_CONFIGURATION "Release+Asserts"
| #define HAVE_CTYPE_EXTERNALS 1
| /* end confdefs.h.  */
| #include <ac_nonexistent.h>
configure:3681: checking for grep that handles long lines and -e
configure:3739: result: /bin/grep
configure:3744: checking for egrep
configure:3806: result: /bin/grep -E
configure:3811: checking for ANSI C header files
configure:3831: gcc -c -g -O2  conftest.c >&5
configure:3831: $? = 0
configure:3904: gcc -o conftest -g -O2  -L/home/klee/libs/lib/ conftest.c  >&5
configure:3904: $? = 0
configure:3904: ./conftest
configure:3904: $? = 0
configure:3915: result: yes
configure:3928: checking for sys/types.h
configure:3928: gcc -c -g -O2  conftest.c >&5
configure:3928: $? = 0
configure:3928: result: yes
configure:3928: checking for sys/stat.h
configure:3928: gcc -c -g -O2  conftest.c >&5
configure:3928: $? = 0
configure:3928: result: yes
configure:3928: checking for stdlib.h
configure:3928: gcc -c -g -O2  conftest.c >&5
configure:3928: $? = 0
configure:3928: result: yes
configure:3928: checking for string.h
configure:3928: gcc -c -g -O2  conftest.c >&5
configure:3928: $? = 0
configure:3928: result: yes
configure:3928: checking for memory.h
configure:3928: gcc -c -g -O2  conftest.c >&5
configure:3928: $? = 0
configure:3928: result: yes
configure:3928: checking for strings.h
configure:3928: gcc -c -g -O2  conftest.c >&5
configure:3928: $? = 0
configure:3928: result: yes
configure:3928: checking for inttypes.h
configure:3928: gcc -c -g -O2  conftest.c >&5
configure:3928: $? = 0
configure:3928: result: yes
configure:3928: checking for stdint.h
configure:3928: gcc -c -g -O2  conftest.c >&5
configure:3928: $? = 0
configure:3928: result: yes
configure:3928: checking for unistd.h
configure:3928: gcc -c -g -O2  conftest.c >&5
configure:3928: $? = 0
configure:3928: result: yes
configure:3942: checking sys/acl.h usability
configure:3942: gcc -c -g -O2  conftest.c >&5
conftest.c:58:21: fatal error: sys/acl.h: No such file or directory
 #include <sys/acl.h>
                     ^
compilation terminated.
configure:3942: $? = 1
configure: failed program was:
| /* confdefs.h */
| #define PACKAGE_NAME "KLEE"
| #define PACKAGE_TARNAME "-klee-"
| #define PACKAGE_VERSION "0.01"
| #define PACKAGE_STRING "KLEE 0.01"
| #define PACKAGE_BUGREPORT "daniel@minormatter.com"
| #define PACKAGE_URL ""
| #define LLVM_VERSION_MAJOR 
| #define LLVM_VERSION_MINOR 
| #define LLVM_IS_RELEASE 1
| #define KLEE_UCLIBC "/home/klee/klee-uclibc"
| #define RUNTIME_CONFIGURATION "Release+Asserts"
| #define HAVE_CTYPE_EXTERNALS 1
| #define STDC_HEADERS 1
| #define HAVE_SYS_TYPES_H 1
| #define HAVE_SYS_STAT_H 1
| #define HAVE_STDLIB_H 1
| #define HAVE_STRING_H 1
| #define HAVE_MEMORY_H 1
| #define HAVE_STRINGS_H 1
| #define HAVE_INTTYPES_H 1
| #define HAVE_STDINT_H 1
| #define HAVE_UNISTD_H 1
| /* end confdefs.h.  */
| #include <stdio.h>
| #ifdef HAVE_SYS_TYPES_H
| # include <sys/types.h>
| #endif
| #ifdef HAVE_SYS_STAT_H
| # include <sys/stat.h>
| #endif
| #ifdef STDC_HEADERS
| # include <stdlib.h>
| # include <stddef.h>
| #else
| # ifdef HAVE_STDLIB_H
| #  include <stdlib.h>
| # endif
| #endif
| #ifdef HAVE_STRING_H
| # if !defined STDC_HEADERS && defined HAVE_MEMORY_H
| #  include <memory.h>
| # endif
| # include <string.h>
| #endif
| #ifdef HAVE_STRINGS_H
| # include <strings.h>
| #endif
| #ifdef HAVE_INTTYPES_H
| # include <inttypes.h>
| #endif
| #ifdef HAVE_STDINT_H
| # include <stdint.h>
| #endif
| #ifdef HAVE_UNISTD_H
| # include <unistd.h>
| #endif
| #include <sys/acl.h>
configure:3942: result: no
configure:3942: checking sys/acl.h presence
configure:3942: gcc -E  conftest.c
conftest.c:25:21: fatal error: sys/acl.h: No such file or directory
 #include <sys/acl.h>
                     ^
compilation terminated.
configure:3942: $? = 1
configure: failed program was:
| /* confdefs.h */
| #define PACKAGE_NAME "KLEE"
| #define PACKAGE_TARNAME "-klee-"
| #define PACKAGE_VERSION "0.01"
| #define PACKAGE_STRING "KLEE 0.01"
| #define PACKAGE_BUGREPORT "daniel@minormatter.com"
| #define PACKAGE_URL ""
| #define LLVM_VERSION_MAJOR 
| #define LLVM_VERSION_MINOR 
| #define LLVM_IS_RELEASE 1
| #define KLEE_UCLIBC "/home/klee/klee-uclibc"
| #define RUNTIME_CONFIGURATION "Release+Asserts"
| #define HAVE_CTYPE_EXTERNALS 1
| #define STDC_HEADERS 1
| #define HAVE_SYS_TYPES_H 1
| #define HAVE_SYS_STAT_H 1
| #define HAVE_STDLIB_H 1
| #define HAVE_STRING_H 1
| #define HAVE_MEMORY_H 1
| #define HAVE_STRINGS_H 1
| #define HAVE_INTTYPES_H 1
| #define HAVE_STDINT_H 1
| #define HAVE_UNISTD_H 1
| /* end confdefs.h.  */
| #include <sys/acl.h>
configure:3942: result: no
configure:3942: checking for sys/acl.h
configure:3942: result: no
configure:4018: checking for g++
configure:4034: found /usr/bin/g++
configure:4045: result: g++
configure:4072: checking for C++ compiler version
configure:4081: g++ --version >&5
g++ (Ubuntu 4.8.4-2ubuntu1~14.04.3) 4.8.4
Copyright (C) 2013 Free Software Foundation, Inc.
This is free software; see the source for copying conditions.  There is NO
warranty; not even for MERCHANTABILITY or FITNESS FOR A PARTICULAR PURPOSE.

configure:4092: $? = 0
configure:4081: g++ -v >&5
Using built-in specs.
COLLECT_GCC=g++
COLLECT_LTO_WRAPPER=/usr/lib/gcc/x86_64-linux-gnu/4.8/lto-wrapper
Target: x86_64-linux-gnu
Configured with: ../src/configure -v --with-pkgversion='Ubuntu 4.8.4-2ubuntu1~14.04.3' --with-bugurl=file:///usr/share/doc/gcc-4.8/README.Bugs --enable-languages=c,c++,java,go,d,fortran,objc,obj-c++ --prefix=/usr --program-suffix=-4.8 --enable-shared --enable-linker-build-id --libexecdir=/usr/lib --without-included-gettext --enable-threads=posix --with-gxx-include-dir=/usr/include/c++/4.8 --libdir=/usr/lib --enable-nls --with-sysroot=/ --enable-clocale=gnu --enable-libstdcxx-debug --enable-libstdcxx-time=yes --enable-gnu-unique-object --disable-libmudflap --enable-plugin --with-system-zlib --disable-browser-plugin --enable-java-awt=gtk --enable-gtk-cairo --with-java-home=/usr/lib/jvm/java-1.5.0-gcj-4.8-amd64/jre --enable-java-home --with-jvm-root-dir=/usr/lib/jvm/java-1.5.0-gcj-4.8-amd64 --with-jvm-jar-dir=/usr/lib/jvm-exports/java-1.5.0-gcj-4.8-amd64 --with-arch-directory=amd64 --with-ecj-jar=/usr/share/java/eclipse-ecj.jar --enable-objc-gc --enable-multiarch --disable-werror --with-arch-32=i686 --with-abi=m64 --with-multilib-list=m32,m64,mx32 --with-tune=generic --enable-checking=release --build=x86_64-linux-gnu --host=x86_64-linux-gnu --target=x86_64-linux-gnu
Thread model: posix
gcc version 4.8.4 (Ubuntu 4.8.4-2ubuntu1~14.04.3) 
configure:4092: $? = 0
configure:4081: g++ -V >&5
g++: error: unrecognized command line option '-V'
g++: fatal error: no input files
compilation terminated.
configure:4092: $? = 4
configure:4081: g++ -qversion >&5
g++: error: unrecognized command line option '-qversion'
g++: fatal error: no input files
compilation terminated.
configure:4092: $? = 4
configure:4096: checking whether we are using the GNU C++ compiler
configure:4115: g++ -c   conftest.cpp >&5
configure:4115: $? = 0
configure:4124: result: yes
configure:4133: checking whether g++ accepts -g
configure:4153: g++ -c -g  conftest.cpp >&5
configure:4153: $? = 0
configure:4194: result: yes
configure:4223: checking how to run the C++ preprocessor
configure:4250: g++ -E  conftest.cpp
configure:4250: $? = 0
configure:4264: g++ -E  conftest.cpp
conftest.cpp:25:28: fatal error: ac_nonexistent.h: No such file or directory
 #include <ac_nonexistent.h>
                            ^
compilation terminated.
configure:4264: $? = 1
configure: failed program was:
| /* confdefs.h */
| #define PACKAGE_NAME "KLEE"
| #define PACKAGE_TARNAME "-klee-"
| #define PACKAGE_VERSION "0.01"
| #define PACKAGE_STRING "KLEE 0.01"
| #define PACKAGE_BUGREPORT "daniel@minormatter.com"
| #define PACKAGE_URL ""
| #define LLVM_VERSION_MAJOR 
| #define LLVM_VERSION_MINOR 
| #define LLVM_IS_RELEASE 1
| #define KLEE_UCLIBC "/home/klee/klee-uclibc"
| #define RUNTIME_CONFIGURATION "Release+Asserts"
| #define HAVE_CTYPE_EXTERNALS 1
| #define STDC_HEADERS 1
| #define HAVE_SYS_TYPES_H 1
| #define HAVE_SYS_STAT_H 1
| #define HAVE_STDLIB_H 1
| #define HAVE_STRING_H 1
| #define HAVE_MEMORY_H 1
| #define HAVE_STRINGS_H 1
| #define HAVE_INTTYPES_H 1
| #define HAVE_STDINT_H 1
| #define HAVE_UNISTD_H 1
| /* end confdefs.h.  */
| #include <ac_nonexistent.h>
configure:4289: result: g++ -E
configure:4309: g++ -E  conftest.cpp
configure:4309: $? = 0
configure:4323: g++ -E  conftest.cpp
conftest.cpp:25:28: fatal error: ac_nonexistent.h: No such file or directory
 #include <ac_nonexistent.h>
                            ^
compilation terminated.
configure:4323: $? = 1
configure: failed program was:
| /* confdefs.h */
| #define PACKAGE_NAME "KLEE"
| #define PACKAGE_TARNAME "-klee-"
| #define PACKAGE_VERSION "0.01"
| #define PACKAGE_STRING "KLEE 0.01"
| #define PACKAGE_BUGREPORT "daniel@minormatter.com"
| #define PACKAGE_URL ""
| #define LLVM_VERSION_MAJOR 
| #define LLVM_VERSION_MINOR 
| #define LLVM_IS_RELEASE 1
| #define KLEE_UCLIBC "/home/klee/klee-uclibc"
| #define RUNTIME_CONFIGURATION "Release+Asserts"
| #define HAVE_CTYPE_EXTERNALS 1
| #define STDC_HEADERS 1
| #define HAVE_SYS_TYPES_H 1
| #define HAVE_SYS_STAT_H 1
| #define HAVE_STDLIB_H 1
| #define HAVE_STRING_H 1
| #define HAVE_MEMORY_H 1
| #define HAVE_STRINGS_H 1
| #define HAVE_INTTYPES_H 1
| #define HAVE_STDINT_H 1
| #define HAVE_UNISTD_H 1
| /* end confdefs.h.  */
| #include <ac_nonexistent.h>
configure:4354: checking selinux/selinux.h usability
configure:4354: g++ -c -g -O2  conftest.cpp >&5
conftest.cpp:58:29: fatal error: selinux/selinux.h: No such file or directory
 #include <selinux/selinux.h>
                             ^
compilation terminated.
configure:4354: $? = 1
configure: failed program was:
| /* confdefs.h */
| #define PACKAGE_NAME "KLEE"
| #define PACKAGE_TARNAME "-klee-"
| #define PACKAGE_VERSION "0.01"
| #define PACKAGE_STRING "KLEE 0.01"
| #define PACKAGE_BUGREPORT "daniel@minormatter.com"
| #define PACKAGE_URL ""
| #define LLVM_VERSION_MAJOR 
| #define LLVM_VERSION_MINOR 
| #define LLVM_IS_RELEASE 1
| #define KLEE_UCLIBC "/home/klee/klee-uclibc"
| #define RUNTIME_CONFIGURATION "Release+Asserts"
| #define HAVE_CTYPE_EXTERNALS 1
| #define STDC_HEADERS 1
| #define HAVE_SYS_TYPES_H 1
| #define HAVE_SYS_STAT_H 1
| #define HAVE_STDLIB_H 1
| #define HAVE_STRING_H 1
| #define HAVE_MEMORY_H 1
| #define HAVE_STRINGS_H 1
| #define HAVE_INTTYPES_H 1
| #define HAVE_STDINT_H 1
| #define HAVE_UNISTD_H 1
| /* end confdefs.h.  */
| #include <stdio.h>
| #ifdef HAVE_SYS_TYPES_H
| # include <sys/types.h>
| #endif
| #ifdef HAVE_SYS_STAT_H
| # include <sys/stat.h>
| #endif
| #ifdef STDC_HEADERS
| # include <stdlib.h>
| # include <stddef.h>
| #else
| # ifdef HAVE_STDLIB_H
| #  include <stdlib.h>
| # endif
| #endif
| #ifdef HAVE_STRING_H
| # if !defined STDC_HEADERS && defined HAVE_MEMORY_H
| #  include <memory.h>
| # endif
| # include <string.h>
| #endif
| #ifdef HAVE_STRINGS_H
| # include <strings.h>
| #endif
| #ifdef HAVE_INTTYPES_H
| # include <inttypes.h>
| #endif
| #ifdef HAVE_STDINT_H
| # include <stdint.h>
| #endif
| #ifdef HAVE_UNISTD_H
| # include <unistd.h>
| #endif
| #include <selinux/selinux.h>
configure:4354: result: no
configure:4354: checking selinux/selinux.h presence
configure:4354: g++ -E  conftest.cpp
conftest.cpp:25:29: fatal error: selinux/selinux.h: No such file or directory
 #include <selinux/selinux.h>
                             ^
compilation terminated.
configure:4354: $? = 1
configure: failed program was:
| /* confdefs.h */
| #define PACKAGE_NAME "KLEE"
| #define PACKAGE_TARNAME "-klee-"
| #define PACKAGE_VERSION "0.01"
| #define PACKAGE_STRING "KLEE 0.01"
| #define PACKAGE_BUGREPORT "daniel@minormatter.com"
| #define PACKAGE_URL ""
| #define LLVM_VERSION_MAJOR 
| #define LLVM_VERSION_MINOR 
| #define LLVM_IS_RELEASE 1
| #define KLEE_UCLIBC "/home/klee/klee-uclibc"
| #define RUNTIME_CONFIGURATION "Release+Asserts"
| #define HAVE_CTYPE_EXTERNALS 1
| #define STDC_HEADERS 1
| #define HAVE_SYS_TYPES_H 1
| #define HAVE_SYS_STAT_H 1
| #define HAVE_STDLIB_H 1
| #define HAVE_STRING_H 1
| #define HAVE_MEMORY_H 1
| #define HAVE_STRINGS_H 1
| #define HAVE_INTTYPES_H 1
| #define HAVE_STDINT_H 1
| #define HAVE_UNISTD_H 1
| /* end confdefs.h.  */
| #include <selinux/selinux.h>
configure:4354: result: no
configure:4354: checking for selinux/selinux.h
configure:4354: result: no
configure:4393: checking stp/c_interface.h usability
configure:4393: g++ -c -g -O2  -I/home/klee/stp-r940/install/include conftest.cpp >&5
configure:4393: $? = 0
configure:4393: result: yes
configure:4393: checking stp/c_interface.h presence
configure:4393: g++ -E  -I/home/klee/stp-r940/install/include conftest.cpp
configure:4393: $? = 0
configure:4393: result: yes
configure:4393: checking for stp/c_interface.h
configure:4393: result: yes
configure:4405: checking for vc_setInterfaceFlags in -lstp
configure:4431: g++ -o conftest -g -O2  -L/home/klee/libs/lib/ conftest.cpp -lstp -L/home/klee/stp-r940/install/lib  >&5
configure:4431: $? = 0
configure:4440: result: yes
configure:4589: creating ./config.status

## ---------------------- ##
## Running config.status. ##
## ---------------------- ##

This file was extended by KLEE config.status 0.01, which was
generated by GNU Autoconf 2.66.  Invocation command line was

  CONFIG_FILES    = 
  CONFIG_HEADERS  = 
  CONFIG_LINKS    = 
  CONFIG_COMMANDS = 
  $ ./config.status 

on b183c6faa6d2

config.status:858: creating Makefile.config
config.status:858: creating docs/doxygen.cfg
config.status:858: creating include/klee/Config/config.h
config.status:1041: executing setup commands
config.status:1041: executing Makefile commands
config.status:1041: executing Makefile.common commands
config.status:1041: executing lib/Makefile commands
config.status:1041: executing runtime/Makefile commands
config.status:1041: executing test/Makefile commands
config.status:1041: executing test/Makefile.tests commands
config.status:1041: executing tools/Makefile commands
config.status:1041: executing unittests/Makefile commands

## ---------------- ##
## Cache variables. ##
## ---------------- ##

ac_cv_build=x86_64-unknown-linux-gnu
ac_cv_c_compiler_gnu=yes
ac_cv_cxx_compiler_gnu=yes
ac_cv_env_CCC_set=
ac_cv_env_CCC_value=
ac_cv_env_CC_set=
ac_cv_env_CC_value=
ac_cv_env_CFLAGS_set=
ac_cv_env_CFLAGS_value=
ac_cv_env_CPPFLAGS_set=
ac_cv_env_CPPFLAGS_value=
ac_cv_env_CPP_set=
ac_cv_env_CPP_value=
ac_cv_env_CXXCPP_set=
ac_cv_env_CXXCPP_value=
ac_cv_env_CXXFLAGS_set=
ac_cv_env_CXXFLAGS_value=
ac_cv_env_CXX_set=
ac_cv_env_CXX_value=
ac_cv_env_LDFLAGS_set=set
ac_cv_env_LDFLAGS_value=-L/home/klee/libs/lib/
ac_cv_env_LIBS_set=
ac_cv_env_LIBS_value=
ac_cv_env_build_alias_set=
ac_cv_env_build_alias_value=
ac_cv_env_host_alias_set=
ac_cv_env_host_alias_value=
ac_cv_env_target_alias_set=
ac_cv_env_target_alias_value=
ac_cv_header_inttypes_h=yes
ac_cv_header_memory_h=yes
ac_cv_header_selinux_selinux_h=no
ac_cv_header_stdc=yes
ac_cv_header_stdint_h=yes
ac_cv_header_stdlib_h=yes
ac_cv_header_stp_c_interface_h=yes
ac_cv_header_string_h=yes
ac_cv_header_strings_h=yes
ac_cv_header_sys_acl_h=no
ac_cv_header_sys_stat_h=yes
ac_cv_header_sys_types_h=yes
ac_cv_header_unistd_h=yes
ac_cv_host=x86_64-unknown-linux-gnu
ac_cv_lib_stp_vc_setInterfaceFlags=yes
ac_cv_objext=o
ac_cv_path_EGREP='/bin/grep -E'
ac_cv_path_GREP=/bin/grep
ac_cv_prog_CPP='gcc -E'
ac_cv_prog_CXXCPP='g++ -E'
ac_cv_prog_ac_ct_CC=gcc
ac_cv_prog_ac_ct_CXX=g++
ac_cv_prog_cc_c89=
ac_cv_prog_cc_g=yes
ac_cv_prog_cxx_g=yes
ac_cv_target=x86_64-unknown-linux-gnu

## ----------------- ##
## Output variables. ##
## ----------------- ##

CC='gcc'
CFLAGS='-g -O2'
CPP='gcc -E'
CPPFLAGS=''
CXX='g++'
CXXCPP='g++ -E'
CXXFLAGS='-g -O2'
DEFS='-DHAVE_CONFIG_H'
ECHO_C=''
ECHO_N='-n'
ECHO_T=''
EGREP='/bin/grep -E'
ENABLE_POSIX_RUNTIME='1'
ENABLE_UCLIBC='1'
EXEEXT=''
GREP='/bin/grep'
HAVE_SELINUX='0'
KLEE_UCLIBC='klee_uclibc_v1.0.0'
LDFLAGS='-L/home/klee/libs/lib/'
LIBOBJS=''
LIBS='-lstp '
LLVM_BUILD_MODE='Release'
LLVM_IS_RELEASE='1'
LLVM_OBJ='/home/klee/llvm29-master'
LLVM_SRC='/home/klee/llvm29-master'
LLVM_VERSION_MAJOR=''
LLVM_VERSION_MINOR=''
LTLIBOBJS=''
OBJEXT='o'
PACKAGE_BUGREPORT='daniel@minormatter.com'
PACKAGE_NAME='KLEE'
PACKAGE_STRING='KLEE 0.01'
PACKAGE_TARNAME='-klee-'
PACKAGE_URL=''
PACKAGE_VERSION='0.01'
PATH_SEPARATOR=':'
REQUIRES_RTTI='0'
RUNTIME_CONFIGURATION=''
RUNTIME_DISABLE_ASSERTIONS='0'
RUNTIME_ENABLE_OPTIMIZED='1'
SHELL='/bin/bash'
STP_ROOT='/home/klee/stp-r940/install'
ac_ct_CC='gcc'
ac_ct_CXX='g++'
bindir='${exec_prefix}/bin'
build='x86_64-unknown-linux-gnu'
build_alias=''
build_cpu='x86_64'
build_os='linux-gnu'
build_vendor='unknown'
datadir='${datarootdir}'
datarootdir='${prefix}/share'
docdir='${datarootdir}/doc/${PACKAGE_TARNAME}'
dvidir='${docdir}'
exec_prefix='${prefix}'
host='x86_64-unknown-linux-gnu'
host_alias=''
host_cpu='x86_64'
host_os='linux-gnu'
host_vendor='unknown'
htmldir='${docdir}'
includedir='${prefix}/include'
infodir='${datarootdir}/info'
libdir='${exec_prefix}/lib'
libexecdir='${exec_prefix}/libexec'
localedir='${datarootdir}/locale'
localstatedir='${prefix}/var'
mandir='${datarootdir}/man'
oldincludedir='/usr/include'
pdfdir='${docdir}'
prefix='/usr/local'
program_transform_name='s,x,x,'
psdir='${docdir}'
sbindir='${exec_prefix}/sbin'
sharedstatedir='${prefix}/com'
sysconfdir='${prefix}/etc'
target='x86_64-unknown-linux-gnu'
target_alias=''
target_cpu='x86_64'
target_os='linux-gnu'
target_vendor='unknown'

## ----------- ##
## confdefs.h. ##
## ----------- ##

/* confdefs.h */
#define PACKAGE_NAME "KLEE"
#define PACKAGE_TARNAME "-klee-"
#define PACKAGE_VERSION "0.01"
#define PACKAGE_STRING "KLEE 0.01"
#define PACKAGE_BUGREPORT "daniel@minormatter.com"
#define PACKAGE_URL ""
#define LLVM_VERSION_MAJOR 
#define LLVM_VERSION_MINOR 
#define LLVM_IS_RELEASE 1
#define KLEE_UCLIBC "/home/klee/klee-uclibc"
#define RUNTIME_CONFIGURATION "Release+Asserts"
#define HAVE_CTYPE_EXTERNALS 1
#define STDC_HEADERS 1
#define HAVE_SYS_TYPES_H 1
#define HAVE_SYS_STAT_H 1
#define HAVE_STDLIB_H 1
#define HAVE_STRING_H 1
#define HAVE_MEMORY_H 1
#define HAVE_STRINGS_H 1
#define HAVE_INTTYPES_H 1
#define HAVE_STDINT_H 1
#define HAVE_UNISTD_H 1
#define HAVE_LIBSTP 1

configure: exit 0
